example/build/intermediates/manifest_merge_blame_file/debug/manifest-merger-blame-debug-report.txt
1<?xml version="1.0" encoding="utf-8"?>
2<manifest xmlns:android="http://schemas.android.com/apk/res/android"
3    xmlns:dist="http://schemas.android.com/apk/distribution"
4    package="com.stripe.example"
5    android:versionCode="1"
6    android:versionName="1.0" >
7
8    <uses-sdk
9        android:minSdkVersion="21"
9-->stripe-android/example/AndroidManifest.xml
10        android:targetSdkVersion="31" />
10-->stripe-android/example/AndroidManifest.xml
11
12    <dist:module dist:instant="true" />
12-->stripe-android/example/AndroidManifest.xml:9:5-40
12-->stripe-android/example/AndroidManifest.xml:9:18-37
13
14    <uses-permission android:name="android.permission.INTERNET" />
14-->stripe-android/example/AndroidManifest.xml:11:5-67
14-->stripe-android/example/AndroidManifest.xml:11:22-64
15
16    <!-- See https://developer.android.com/training/package-visibility/declaring for more details. -->
17    <queries>
17-->[:payments-core] AndroidManifest.xml:10:5-14:15
18
19        <!-- Added to check if Chrome is installed for browser-based payment authentication (e.g. 3DS1). -->
20        <package android:name="com.android.chrome" />
20-->[:payments-core] AndroidManifest.xml:13:9-54
20-->[:payments-core] AndroidManifest.xml:13:18-51
21    </queries> <!-- To store the heap dumps and leak analysis results. -->
22    <uses-permission android:name="android.permission.READ_EXTERNAL_STORAGE" />
22-->[com.squareup.leakcanary:leakcanary-android-core:2.7] AndroidManifest.xml:23:5-80
22-->[com.squareup.leakcanary:leakcanary-android-core:2.7] AndroidManifest.xml:23:22-77
23    <uses-permission android:name="android.permission.WRITE_EXTERNAL_STORAGE" /> <!-- To allow starting foreground services on Android P+ - https://developer.android.com/preview/behavior-changes#fg-svc -->
23-->[com.squareup.leakcanary:leakcanary-android-core:2.7] AndroidManifest.xml:24:5-81
23-->[com.squareup.leakcanary:leakcanary-android-core:2.7] AndroidManifest.xml:24:22-78
24    <uses-permission android:name="android.permission.FOREGROUND_SERVICE" /> <!-- Include required permissions for Google Maps API to run. -->
24-->[com.squareup.leakcanary:leakcanary-android-core:2.7] AndroidManifest.xml:26:5-77
24-->[com.squareup.leakcanary:leakcanary-android-core:2.7] AndroidManifest.xml:26:22-74
25    <uses-permission android:name="android.permission.ACCESS_NETWORK_STATE" />
25-->[com.google.android.gms:play-services-maps:17.0.0] AndroidManifest.xml:23:5-79
25-->[com.google.android.gms:play-services-maps:17.0.0] AndroidManifest.xml:23:22-76
26
27    <uses-feature
27-->[com.google.android.gms:play-services-maps:17.0.0] AndroidManifest.xml:26:5-28:35
28        android:glEsVersion="0x00020000"
28-->[com.google.android.gms:play-services-maps:17.0.0] AndroidManifest.xml:27:9-41
29        android:required="true" />
29-->[com.google.android.gms:play-services-maps:17.0.0] AndroidManifest.xml:28:9-32
30
31    <application
31-->stripe-android/example/AndroidManifest.xml:13:5-71:19
32        android:name="com.stripe.example.ExampleApplication"
32-->stripe-android/example/AndroidManifest.xml:14:9-43
33        android:appComponentFactory="androidx.core.app.CoreComponentFactory"
33-->[androidx.core:core:1.7.0] AndroidManifest.xml:24:18-86
34        android:debuggable="true"
35        android:icon="@mipmap/ic_launcher"
35-->stripe-android/example/AndroidManifest.xml:15:9-43
36        android:label="@string/appName"
36-->stripe-android/example/AndroidManifest.xml:16:9-40
37        android:supportsRtl="true"
37-->stripe-android/example/AndroidManifest.xml:18:9-35
38        android:theme="@style/AppTheme" >
38-->stripe-android/example/AndroidManifest.xml:17:9-40
39        <meta-data
40            android:name="com.stripe.example.metadata.backend_url"
40-->stripe-android/example/AndroidManifest.xml:22:13-67
41            android:value="" />
41-->stripe-android/example/AndroidManifest.xml:23:13-43
42        <meta-data
43            android:name="com.stripe.example.metadata.publishable_key"
43-->stripe-android/example/AndroidManifest.xml:25:13-71
44            android:value="" />
44-->stripe-android/example/AndroidManifest.xml:26:13-47
45        <meta-data
46            android:name="com.stripe.example.metadata.stripe_account_id"
46-->stripe-android/example/AndroidManifest.xml:28:13-73
47            android:value="" />
47-->stripe-android/example/AndroidManifest.xml:29:13-49
48
49        <!-- Enables the Google Payment API -->
50        <meta-data
50-->stripe-android/example/AndroidManifest.xml:32:9-34:36
51            android:name="com.google.android.gms.wallet.api.enabled"
51-->stripe-android/example/AndroidManifest.xml:33:13-69
52            android:value="true" />
52-->stripe-android/example/AndroidManifest.xml:34:13-33
53
54        <activity
54-->stripe-android/example/AndroidManifest.xml:36:9-44:20
55            android:name="com.stripe.example.activity.LauncherActivity"
55-->stripe-android/example/AndroidManifest.xml:37:13-54
56            android:exported="true" >
56-->stripe-android/example/AndroidManifest.xml:38:13-36
57            <intent-filter>
57-->stripe-android/example/AndroidManifest.xml:39:13-43:29
58                <action android:name="android.intent.action.MAIN" />
58-->stripe-android/example/AndroidManifest.xml:40:17-69
58-->stripe-android/example/AndroidManifest.xml:40:25-66
59
60                <category android:name="android.intent.category.LAUNCHER" />
60-->stripe-android/example/AndroidManifest.xml:42:17-77
60-->stripe-android/example/AndroidManifest.xml:42:27-74
61            </intent-filter>
62        </activity>
63        <activity android:name="com.stripe.example.activity.CreateCardTokenActivity" />
63-->stripe-android/example/AndroidManifest.xml:46:9-70
63-->stripe-android/example/AndroidManifest.xml:46:19-67
64        <activity android:name="com.stripe.example.activity.CreateCardSourceActivity" />
64-->stripe-android/example/AndroidManifest.xml:47:9-71
64-->stripe-android/example/AndroidManifest.xml:47:19-68
65        <activity android:name="com.stripe.example.activity.CustomerSessionActivity" />
65-->stripe-android/example/AndroidManifest.xml:48:9-70
65-->stripe-android/example/AndroidManifest.xml:48:19-67
66        <activity android:name="com.stripe.example.activity.CreateCardPaymentMethodActivity" />
66-->stripe-android/example/AndroidManifest.xml:49:9-78
66-->stripe-android/example/AndroidManifest.xml:49:19-75
67        <activity android:name="com.stripe.example.activity.PaymentSessionActivity" />
67-->stripe-android/example/AndroidManifest.xml:50:9-69
67-->stripe-android/example/AndroidManifest.xml:50:19-66
68        <activity android:name="com.stripe.example.activity.GooglePayLauncherIntegrationActivity" />
68-->stripe-android/example/AndroidManifest.xml:51:9-83
68-->stripe-android/example/AndroidManifest.xml:51:19-80
69        <activity android:name="com.stripe.example.activity.GooglePayLauncherPlaygroundActivity" />
69-->stripe-android/example/AndroidManifest.xml:52:9-82
69-->stripe-android/example/AndroidManifest.xml:52:19-79
70        <activity android:name="com.stripe.example.activity.GooglePayPaymentMethodLauncherIntegrationActivity" />
70-->stripe-android/example/AndroidManifest.xml:53:9-96
70-->stripe-android/example/AndroidManifest.xml:53:19-93
71        <activity android:name="com.stripe.example.activity.PaymentAuthActivity" />
71-->stripe-android/example/AndroidManifest.xml:54:9-66
71-->stripe-android/example/AndroidManifest.xml:54:19-63
72        <activity android:name="com.stripe.example.activity.FragmentExamplesActivity" />
72-->stripe-android/example/AndroidManifest.xml:55:9-71
72-->stripe-android/example/AndroidManifest.xml:55:19-68
73        <activity android:name="com.stripe.example.activity.ConfirmSepaDebitActivity" />
73-->stripe-android/example/AndroidManifest.xml:56:9-71
73-->stripe-android/example/AndroidManifest.xml:56:19-68
74        <activity android:name="com.stripe.example.activity.FpxPaymentActivity" />
74-->stripe-android/example/AndroidManifest.xml:57:9-65
74-->stripe-android/example/AndroidManifest.xml:57:19-62
75        <activity android:name="com.stripe.example.activity.NetbankingListPaymentActivity" />
75-->stripe-android/example/AndroidManifest.xml:58:9-76
75-->stripe-android/example/AndroidManifest.xml:58:19-73
76        <activity android:name="com.stripe.example.activity.BecsDebitPaymentMethodActivity" />
76-->stripe-android/example/AndroidManifest.xml:59:9-77
76-->stripe-android/example/AndroidManifest.xml:59:19-74
77        <activity android:name="com.stripe.example.activity.BacsDebitPaymentMethodActivity" />
77-->stripe-android/example/AndroidManifest.xml:60:9-77
77-->stripe-android/example/AndroidManifest.xml:60:19-74
78        <activity android:name="com.stripe.example.activity.SofortPaymentMethodActivity" />
78-->stripe-android/example/AndroidManifest.xml:61:9-74
78-->stripe-android/example/AndroidManifest.xml:61:19-71
79        <activity android:name="com.stripe.example.activity.UpiPaymentActivity" />
79-->stripe-android/example/AndroidManifest.xml:62:9-65
79-->stripe-android/example/AndroidManifest.xml:62:19-62
80        <activity android:name="com.stripe.example.activity.UpiWaitingActivity" />
80-->stripe-android/example/AndroidManifest.xml:63:9-65
80-->stripe-android/example/AndroidManifest.xml:63:19-62
81        <activity android:name="com.stripe.example.activity.KlarnaSourceActivity" />
81-->stripe-android/example/AndroidManifest.xml:64:9-67
81-->stripe-android/example/AndroidManifest.xml:64:19-64
82        <activity android:name="com.stripe.example.activity.CardBrandsActivity" />
82-->stripe-android/example/AndroidManifest.xml:65:9-65
82-->stripe-android/example/AndroidManifest.xml:65:19-62
83        <activity android:name="com.stripe.example.activity.NetbankingPaymentActivity" />
83-->stripe-android/example/AndroidManifest.xml:66:9-72
83-->stripe-android/example/AndroidManifest.xml:66:19-69
84        <activity android:name="com.stripe.example.activity.SimpleConfirmationActivity" />
84-->stripe-android/example/AndroidManifest.xml:67:9-73
84-->stripe-android/example/AndroidManifest.xml:67:19-70
85        <activity android:name="com.stripe.example.activity.ConnectExampleActivity" />
85-->stripe-android/example/AndroidManifest.xml:68:9-69
85-->stripe-android/example/AndroidManifest.xml:68:19-66
86        <activity android:name="com.stripe.example.activity.ComposeExampleActivity" />
86-->stripe-android/example/AndroidManifest.xml:69:9-69
86-->stripe-android/example/AndroidManifest.xml:69:19-66
87        <activity android:name="com.stripe.example.activity.KlarnaPaymentActivity" />
87-->stripe-android/example/AndroidManifest.xml:70:9-67
87-->stripe-android/example/AndroidManifest.xml:70:19-65
88        <activity
88-->[:paymentsheet] AndroidManifest.xml:10:9-13:69
89            android:name="com.stripe.android.paymentsheet.PaymentSheetActivity"
89-->[:paymentsheet] AndroidManifest.xml:11:13-80
90            android:exported="false"
90-->[:paymentsheet] AndroidManifest.xml:12:13-37
91            android:theme="@style/StripePaymentSheetDefaultTheme" />
91-->[:paymentsheet] AndroidManifest.xml:13:13-66
92        <activity
92-->[:paymentsheet] AndroidManifest.xml:14:9-17:69
93            android:name="com.stripe.android.paymentsheet.PaymentOptionsActivity"
93-->[:paymentsheet] AndroidManifest.xml:15:13-82
94            android:exported="false"
94-->[:paymentsheet] AndroidManifest.xml:16:13-37
95            android:theme="@style/StripePaymentSheetDefaultTheme" />
95-->[:paymentsheet] AndroidManifest.xml:17:13-66
96        <activity
96-->[:payments-core] AndroidManifest.xml:17:9-20:57
97            android:name="com.stripe.android.view.AddPaymentMethodActivity"
97-->[:payments-core] AndroidManifest.xml:18:13-76
98            android:exported="false"
98-->[:payments-core] AndroidManifest.xml:19:13-37
99            android:theme="@style/StripeDefaultTheme" />
99-->[:payments-core] AndroidManifest.xml:20:13-54
100        <activity
100-->[:payments-core] AndroidManifest.xml:21:9-24:57
101            android:name="com.stripe.android.view.PaymentMethodsActivity"
101-->[:payments-core] AndroidManifest.xml:22:13-74
102            android:exported="false"
102-->[:payments-core] AndroidManifest.xml:23:13-37
103            android:theme="@style/StripeDefaultTheme" />
103-->[:payments-core] AndroidManifest.xml:24:13-54
104        <activity
104-->[:payments-core] AndroidManifest.xml:25:9-28:57
105            android:name="com.stripe.android.view.PaymentFlowActivity"
105-->[:payments-core] AndroidManifest.xml:26:13-71
106            android:exported="false"
106-->[:payments-core] AndroidManifest.xml:27:13-37
107            android:theme="@style/StripeDefaultTheme" />
107-->[:payments-core] AndroidManifest.xml:28:13-54
108        <activity
108-->[:payments-core] AndroidManifest.xml:29:9-33:58
109            android:name="com.stripe.android.view.PaymentAuthWebViewActivity"
109-->[:payments-core] AndroidManifest.xml:30:13-78
110            android:exported="false"
110-->[:payments-core] AndroidManifest.xml:31:13-37
111            android:theme="@style/StripeDefaultTheme"
111-->[:payments-core] AndroidManifest.xml:32:13-54
112            android:windowSoftInputMode="adjustResize" />
112-->[:payments-core] AndroidManifest.xml:33:13-55
113        <activity
113-->[:payments-core] AndroidManifest.xml:34:9-37:61
114            android:name="com.stripe.android.view.PaymentRelayActivity"
114-->[:payments-core] AndroidManifest.xml:35:13-72
115            android:exported="false"
115-->[:payments-core] AndroidManifest.xml:36:13-37
116            android:theme="@style/StripeTransparentTheme" />
116-->[:payments-core] AndroidManifest.xml:37:13-58
117        <!--
118        Set android:launchMode="singleTop" so that the StripeBrowserLauncherActivity instance that
119        launched the browser Activity will also handle the return URL deep link.
120        -->
121        <activity
121-->[:payments-core] AndroidManifest.xml:43:9-60:20
122            android:name="com.stripe.android.payments.StripeBrowserLauncherActivity"
122-->[:payments-core] AndroidManifest.xml:44:13-85
123            android:exported="true"
123-->[:payments-core] AndroidManifest.xml:45:13-36
124            android:launchMode="singleTask"
124-->[:payments-core] AndroidManifest.xml:46:13-44
125            android:theme="@style/StripeTransparentTheme" >
125-->[:payments-core] AndroidManifest.xml:47:13-58
126            <intent-filter>
126-->[:payments-core] AndroidManifest.xml:48:13-59:29
127                <action android:name="android.intent.action.VIEW" />
127-->[:payments-core] AndroidManifest.xml:49:17-69
127-->[:payments-core] AndroidManifest.xml:49:25-66
128
129                <category android:name="android.intent.category.DEFAULT" />
129-->[:payments-core] AndroidManifest.xml:51:17-76
129-->[:payments-core] AndroidManifest.xml:51:27-73
130                <category android:name="android.intent.category.BROWSABLE" />
130-->[:payments-core] AndroidManifest.xml:52:17-78
130-->[:payments-core] AndroidManifest.xml:52:27-75
131
132                <!-- Must match `DefaultReturnUrl#value`. -->
133                <data
133-->[:payments-core] AndroidManifest.xml:55:17-58:50
134                    android:host="payment_return_url"
134-->[:payments-core] AndroidManifest.xml:56:21-54
135                    android:path="/com.stripe.example"
135-->[:payments-core] AndroidManifest.xml:57:21-53
136                    android:scheme="stripesdk" />
136-->[:payments-core] AndroidManifest.xml:58:21-47
137            </intent-filter>
138        </activity>
139        <activity
139-->[:payments-core] AndroidManifest.xml:61:9-64:57
140            android:name="com.stripe.android.payments.core.authentication.threeds2.Stripe3ds2TransactionActivity"
140-->[:payments-core] AndroidManifest.xml:62:13-114
141            android:exported="false"
141-->[:payments-core] AndroidManifest.xml:63:13-37
142            android:theme="@style/StripeDefaultTheme" />
142-->[:payments-core] AndroidManifest.xml:64:13-54
143        <activity
143-->[:payments-core] AndroidManifest.xml:65:9-68:66
144            android:name="com.stripe.android.googlepaylauncher.StripeGooglePayActivity"
144-->[:payments-core] AndroidManifest.xml:66:13-88
145            android:exported="false"
145-->[:payments-core] AndroidManifest.xml:67:13-37
146            android:theme="@style/StripeGooglePayDefaultTheme" />
146-->[:payments-core] AndroidManifest.xml:68:13-63
147        <activity
147-->[:payments-core] AndroidManifest.xml:69:9-72:66
148            android:name="com.stripe.android.googlepaylauncher.GooglePayLauncherActivity"
148-->[:payments-core] AndroidManifest.xml:70:13-90
149            android:exported="false"
149-->[:payments-core] AndroidManifest.xml:71:13-37
150            android:theme="@style/StripeGooglePayDefaultTheme" />
150-->[:payments-core] AndroidManifest.xml:72:13-63
151        <activity
151-->[:payments-core] AndroidManifest.xml:73:9-76:66
152            android:name="com.stripe.android.googlepaylauncher.GooglePayPaymentMethodLauncherActivity"
152-->[:payments-core] AndroidManifest.xml:74:13-103
153            android:exported="false"
153-->[:payments-core] AndroidManifest.xml:75:13-37
154            android:theme="@style/StripeGooglePayDefaultTheme" />
154-->[:payments-core] AndroidManifest.xml:76:13-63
155        <activity
155-->[:payments-core] AndroidManifest.xml:77:9-80:62
156            android:name="com.stripe.android.payments.paymentlauncher.PaymentLauncherConfirmationActivity"
156-->[:payments-core] AndroidManifest.xml:78:13-107
157            android:exported="false"
157-->[:payments-core] AndroidManifest.xml:79:13-37
158            android:theme="@style/PayLauncherDefaultTheme" />
158-->[:payments-core] AndroidManifest.xml:80:13-59
159        <activity
159-->[com.stripe:stripe-3ds2-android:6.1.2] AndroidManifest.xml:10:9-13:54
160            android:name="com.stripe.android.stripe3ds2.views.ChallengeActivity"
160-->[com.stripe:stripe-3ds2-android:6.1.2] AndroidManifest.xml:11:13-81
161            android:exported="false"
161-->[com.stripe:stripe-3ds2-android:6.1.2] AndroidManifest.xml:12:13-37
162            android:theme="@style/Stripe3DS2Theme" />
162-->[com.stripe:stripe-3ds2-android:6.1.2] AndroidManifest.xml:13:13-51
163        <activity
163-->[androidx.compose.ui:ui-tooling:1.0.5] AndroidManifest.xml:25:9-27:39
164            android:name="androidx.compose.ui.tooling.PreviewActivity"
164-->[androidx.compose.ui:ui-tooling:1.0.5] AndroidManifest.xml:26:13-71
165            android:exported="true" />
165-->[androidx.compose.ui:ui-tooling:1.0.5] AndroidManifest.xml:27:13-36
166
167        <service
167-->[com.squareup.leakcanary:leakcanary-android:2.7] AndroidManifest.xml:23:9-25:40
168            android:name="leakcanary.internal.HeapAnalyzerService"
168-->[com.squareup.leakcanary:leakcanary-android:2.7] AndroidManifest.xml:24:13-67
169            android:exported="false" />
169-->[com.squareup.leakcanary:leakcanary-android:2.7] AndroidManifest.xml:25:13-37
170
171        <provider
171-->[com.squareup.leakcanary:leakcanary-android-core:2.7] AndroidManifest.xml:29:9-37:20
172            android:name="leakcanary.internal.LeakCanaryFileProvider"
172-->[com.squareup.leakcanary:leakcanary-android-core:2.7] AndroidManifest.xml:30:13-70
173            android:authorities="com.squareup.leakcanary.fileprovider.com.stripe.example"
173-->[com.squareup.leakcanary:leakcanary-android-core:2.7] AndroidManifest.xml:31:13-88
174            android:exported="false"
174-->[com.squareup.leakcanary:leakcanary-android-core:2.7] AndroidManifest.xml:32:13-37
175            android:grantUriPermissions="true" >
175-->[com.squareup.leakcanary:leakcanary-android-core:2.7] AndroidManifest.xml:33:13-47
176            <meta-data
176-->[com.squareup.leakcanary:leakcanary-android-core:2.7] AndroidManifest.xml:34:13-36:66
177                android:name="android.support.FILE_PROVIDER_PATHS"
177-->[com.squareup.leakcanary:leakcanary-android-core:2.7] AndroidManifest.xml:35:17-67
178                android:resource="@xml/leak_canary_file_paths" />
178-->[com.squareup.leakcanary:leakcanary-android-core:2.7] AndroidManifest.xml:36:17-63
179        </provider>
180
181        <activity
181-->[com.squareup.leakcanary:leakcanary-android-core:2.7] AndroidManifest.xml:39:9-44:66
182            android:name="leakcanary.internal.activity.LeakActivity"
182-->[com.squareup.leakcanary:leakcanary-android-core:2.7] AndroidManifest.xml:40:13-69
183            android:icon="@mipmap/leak_canary_icon"
183-->[com.squareup.leakcanary:leakcanary-android-core:2.7] AndroidManifest.xml:41:13-52
184            android:label="@string/leak_canary_display_activity_label"
184-->[com.squareup.leakcanary:leakcanary-android-core:2.7] AndroidManifest.xml:42:13-71
185            android:taskAffinity="com.squareup.leakcanary.com.stripe.example"
185-->[com.squareup.leakcanary:leakcanary-android-core:2.7] AndroidManifest.xml:43:13-76
186            android:theme="@style/leak_canary_LeakCanary.Base" />
186-->[com.squareup.leakcanary:leakcanary-android-core:2.7] AndroidManifest.xml:44:13-63
187
188        <activity-alias
188-->[com.squareup.leakcanary:leakcanary-android-core:2.7] AndroidManifest.xml:46:9-63:26
189            android:name="leakcanary.internal.activity.LeakLauncherActivity"
189-->[com.squareup.leakcanary:leakcanary-android-core:2.7] AndroidManifest.xml:47:13-77
190            android:banner="@drawable/leak_canary_tv_icon"
190-->[com.squareup.leakcanary:leakcanary-android-core:2.7] AndroidManifest.xml:48:13-59
191            android:enabled="@bool/leak_canary_add_launcher_icon"
191-->[com.squareup.leakcanary:leakcanary-android-core:2.7] AndroidManifest.xml:49:13-66
192            android:exported="true"
192-->[com.squareup.leakcanary:leakcanary-android-core:2.7] AndroidManifest.xml:50:13-36
193            android:icon="@mipmap/leak_canary_icon"
193-->[com.squareup.leakcanary:leakcanary-android-core:2.7] AndroidManifest.xml:51:13-52
194            android:label="@string/leak_canary_display_activity_label"
194-->[com.squareup.leakcanary:leakcanary-android-core:2.7] AndroidManifest.xml:52:13-71
195            android:targetActivity="leakcanary.internal.activity.LeakActivity"
195-->[com.squareup.leakcanary:leakcanary-android-core:2.7] AndroidManifest.xml:53:13-79
196            android:taskAffinity="com.squareup.leakcanary.com.stripe.example"
196-->[com.squareup.leakcanary:leakcanary-android-core:2.7] AndroidManifest.xml:54:13-76
197            android:theme="@style/leak_canary_LeakCanary.Base" >
197-->[com.squareup.leakcanary:leakcanary-android-core:2.7] AndroidManifest.xml:55:13-63
198            <intent-filter>
198-->[com.squareup.leakcanary:leakcanary-android-core:2.7] AndroidManifest.xml:56:13-62:29
199                <action android:name="android.intent.action.MAIN" />
199-->stripe-android/example/AndroidManifest.xml:40:17-69
199-->stripe-android/example/AndroidManifest.xml:40:25-66
200
201                <category android:name="android.intent.category.LAUNCHER" />
201-->stripe-android/example/AndroidManifest.xml:42:17-77
201-->stripe-android/example/AndroidManifest.xml:42:27-74
202                <!-- Android TV launcher intent -->
203                <category android:name="android.intent.category.LEANBACK_LAUNCHER" />
203-->[com.squareup.leakcanary:leakcanary-android-core:2.7] AndroidManifest.xml:61:17-86
203-->[com.squareup.leakcanary:leakcanary-android-core:2.7] AndroidManifest.xml:61:27-83
204            </intent-filter>
205        </activity-alias>
206
207        <activity
207-->[com.squareup.leakcanary:leakcanary-android-core:2.7] AndroidManifest.xml:65:9-71:68
208            android:name="leakcanary.internal.RequestStoragePermissionActivity"
208-->[com.squareup.leakcanary:leakcanary-android-core:2.7] AndroidManifest.xml:66:13-80
209            android:excludeFromRecents="true"
209-->[com.squareup.leakcanary:leakcanary-android-core:2.7] AndroidManifest.xml:67:13-46
210            android:icon="@mipmap/leak_canary_icon"
210-->[com.squareup.leakcanary:leakcanary-android-core:2.7] AndroidManifest.xml:68:13-52
211            android:label="@string/leak_canary_storage_permission_activity_label"
211-->[com.squareup.leakcanary:leakcanary-android-core:2.7] AndroidManifest.xml:69:13-82
212            android:taskAffinity="com.squareup.leakcanary.com.stripe.example"
212-->[com.squareup.leakcanary:leakcanary-android-core:2.7] AndroidManifest.xml:70:13-76
213            android:theme="@style/leak_canary_Theme.Transparent" />
213-->[com.squareup.leakcanary:leakcanary-android-core:2.7] AndroidManifest.xml:71:13-65
214
215        <receiver android:name="leakcanary.internal.NotificationReceiver" /> <!-- Needs to be explicitly declared on P+ -->
215-->[com.squareup.leakcanary:leakcanary-android-core:2.7] AndroidManifest.xml:73:9-77
215-->[com.squareup.leakcanary:leakcanary-android-core:2.7] AndroidManifest.xml:73:19-74
216        <uses-library
216-->[com.google.android.gms:play-services-maps:17.0.0] AndroidManifest.xml:33:9-35:40
217            android:name="org.apache.http.legacy"
217-->[com.google.android.gms:play-services-maps:17.0.0] AndroidManifest.xml:34:13-50
218            android:required="false" />
218-->[com.google.android.gms:play-services-maps:17.0.0] AndroidManifest.xml:35:13-37
219
220        <activity
220-->[com.google.android.gms:play-services-base:17.5.0] AndroidManifest.xml:23:9-26:75
221            android:name="com.google.android.gms.common.api.GoogleApiActivity"
221-->[com.google.android.gms:play-services-base:17.5.0] AndroidManifest.xml:24:13-79
222            android:exported="false"
222-->[com.google.android.gms:play-services-base:17.5.0] AndroidManifest.xml:25:13-37
223            android:theme="@android:style/Theme.Translucent.NoTitleBar" />
223-->[com.google.android.gms:play-services-base:17.5.0] AndroidManifest.xml:26:13-72
224
225        <meta-data
225-->[com.google.android.gms:play-services-basement:17.5.0] AndroidManifest.xml:23:9-25:69
226            android:name="com.google.android.gms.version"
226-->[com.google.android.gms:play-services-basement:17.5.0] AndroidManifest.xml:24:13-58
227            android:value="@integer/google_play_services_version" />
227-->[com.google.android.gms:play-services-basement:17.5.0] AndroidManifest.xml:25:13-66
228
229        <provider
229-->[androidx.profileinstaller:profileinstaller:1.0.4] AndroidManifest.xml:26:9-34:20
230            android:name="androidx.startup.InitializationProvider"
230-->[androidx.profileinstaller:profileinstaller:1.0.4] AndroidManifest.xml:27:13-67
231            android:authorities="com.stripe.example.androidx-startup"
231-->[androidx.profileinstaller:profileinstaller:1.0.4] AndroidManifest.xml:28:13-68
232            android:exported="false" >
232-->[androidx.profileinstaller:profileinstaller:1.0.4] AndroidManifest.xml:29:13-37
233            <meta-data
233-->[androidx.profileinstaller:profileinstaller:1.0.4] AndroidManifest.xml:31:13-33:52
234                android:name="androidx.profileinstaller.ProfileInstallerInitializer"
234-->[androidx.profileinstaller:profileinstaller:1.0.4] AndroidManifest.xml:32:17-85
235                android:value="androidx.startup" />
235-->[androidx.profileinstaller:profileinstaller:1.0.4] AndroidManifest.xml:33:17-49
236        </provider>
237
238        <receiver
238-->[androidx.profileinstaller:profileinstaller:1.0.4] AndroidManifest.xml:36:9-45:20
239            android:name="androidx.profileinstaller.ProfileInstallReceiver"
239-->[androidx.profileinstaller:profileinstaller:1.0.4] AndroidManifest.xml:37:13-76
240            android:directBootAware="false"
240-->[androidx.profileinstaller:profileinstaller:1.0.4] AndroidManifest.xml:38:13-44
241            android:enabled="true"
241-->[androidx.profileinstaller:profileinstaller:1.0.4] AndroidManifest.xml:39:13-35
242            android:exported="true"
242-->[androidx.profileinstaller:profileinstaller:1.0.4] AndroidManifest.xml:40:13-36
243            android:permission="android.permission.DUMP" >
243-->[androidx.profileinstaller:profileinstaller:1.0.4] AndroidManifest.xml:41:13-57
244            <intent-filter>
244-->[androidx.profileinstaller:profileinstaller:1.0.4] AndroidManifest.xml:42:13-44:29
245                <action android:name="androidx.profileinstaller.action.INSTALL_PROFILE" />
245-->[androidx.profileinstaller:profileinstaller:1.0.4] AndroidManifest.xml:43:17-91
245-->[androidx.profileinstaller:profileinstaller:1.0.4] AndroidManifest.xml:43:25-88
246            </intent-filter>
247        </receiver>
248
249        <provider
249-->[com.squareup.leakcanary:leakcanary-object-watcher-android:2.7] AndroidManifest.xml:8:9-12:40
250            android:name="leakcanary.internal.AppWatcherInstaller$MainProcess"
250-->[com.squareup.leakcanary:leakcanary-object-watcher-android:2.7] AndroidManifest.xml:9:13-79
251            android:authorities="com.stripe.example.leakcanary-installer"
251-->[com.squareup.leakcanary:leakcanary-object-watcher-android:2.7] AndroidManifest.xml:10:13-72
252            android:enabled="@bool/leak_canary_watcher_auto_install"
252-->[com.squareup.leakcanary:leakcanary-object-watcher-android:2.7] AndroidManifest.xml:11:13-69
253            android:exported="false" />
253-->[com.squareup.leakcanary:leakcanary-object-watcher-android:2.7] AndroidManifest.xml:12:13-37
254        <provider
254-->[com.squareup.leakcanary:plumber-android:2.7] AndroidManifest.xml:8:9-12:40
255            android:name="leakcanary.internal.PlumberInstaller"
255-->[com.squareup.leakcanary:plumber-android:2.7] AndroidManifest.xml:9:13-64
256            android:authorities="com.stripe.example.plumber-installer"
256-->[com.squareup.leakcanary:plumber-android:2.7] AndroidManifest.xml:10:13-69
257            android:enabled="@bool/leak_canary_plumber_auto_install"
257-->[com.squareup.leakcanary:plumber-android:2.7] AndroidManifest.xml:11:13-69
258            android:exported="false" />